<?xml version="1.0" encoding="UTF-8"?>
<testng-results skipped="0" failed="0" ignored="0" total="1" passed="1">
  <reporter-output>
  </reporter-output>
  <suite name="Command line suite" duration-ms="29505" started-at="2017-11-27T19:48:57Z" finished-at="2017-11-27T19:49:26Z">
    <groups>
    </groups>
    <test name="Command line test" duration-ms="29505" started-at="2017-11-27T19:48:57Z" finished-at="2017-11-27T19:49:26Z">
      <class name="com.org.dapps.shopsyFramework.toTest">
        <test-method status="PASS" signature="config()[pri:0, instance:com.org.dapps.shopsyFramework.toTest@3f2a3a5]" name="config" is-config="true" duration-ms="231" started-at="2017-11-28T01:18:57Z" finished-at="2017-11-28T01:18:57Z">
          <reporter-output>
          </reporter-output>
        </test-method> <!-- config -->
        <test-method status="PASS" signature="initialize(java.lang.String)[pri:0, instance:com.org.dapps.shopsyFramework.toTest@3f2a3a5]" name="initialize" is-config="true" duration-ms="8353" started-at="2017-11-28T01:18:57Z" finished-at="2017-11-28T01:19:05Z">
          <params>
            <param index="0">
              <value>
                <![CDATA[firefox]]>
              </value>
            </param>
          </params>
          <reporter-output>
          </reporter-output>
        </test-method> <!-- initialize -->
        <test-method status="PASS" signature="samplerun()[pri:0, instance:com.org.dapps.shopsyFramework.toTest@3f2a3a5]" name="samplerun" duration-ms="19323" started-at="2017-11-28T01:19:05Z" finished-at="2017-11-28T01:19:25Z">
          <reporter-output>
          </reporter-output>
        </test-method> <!-- samplerun -->
        <test-method status="PASS" signature="termination()[pri:0, instance:com.org.dapps.shopsyFramework.toTest@3f2a3a5]" name="termination" is-config="true" duration-ms="1800" started-at="2017-11-28T01:19:25Z" finished-at="2017-11-28T01:19:26Z">
          <reporter-output>
          </reporter-output>
        </test-method> <!-- termination -->
        <test-method status="PASS" signature="finish()[pri:0, instance:com.org.dapps.shopsyFramework.toTest@3f2a3a5]" name="finish" is-config="true" duration-ms="675" started-at="2017-11-28T01:19:26Z" finished-at="2017-11-28T01:19:27Z">
          <reporter-output>
          </reporter-output>
        </test-method> <!-- finish -->
      </class> <!-- com.org.dapps.shopsyFramework.toTest -->
    </test> <!-- Command line test -->
  </suite> <!-- Command line suite -->
</testng-results>
