<?xml version="1.0" encoding="UTF-8"?>
<testng-results skipped="0" failed="0" ignored="0" total="1" passed="1">
  <reporter-output>
  </reporter-output>
  <suite name="Command line suite" duration-ms="11" started-at="2017-11-27T18:52:14Z" finished-at="2017-11-27T18:52:14Z">
    <groups>
    </groups>
    <test name="Command line test" duration-ms="11" started-at="2017-11-27T18:52:14Z" finished-at="2017-11-27T18:52:14Z">
      <class name="com.org.dapps.shopsyFramework.AppTest">
        <test-method status="PASS" signature="testApp()[pri:0, instance:testApp(com.org.dapps.shopsyFramework.AppTest)]" name="testApp" duration-ms="2" started-at="2017-11-28T00:22:14Z" finished-at="2017-11-28T00:22:14Z">
          <reporter-output>
          </reporter-output>
        </test-method> <!-- testApp -->
      </class> <!-- com.org.dapps.shopsyFramework.AppTest -->
    </test> <!-- Command line test -->
  </suite> <!-- Command line suite -->
</testng-results>
